2018-10-06 18:14:58.361  INFO 7441 --- [restartedMain] com.wigo.server.WigoApp                  : Starting WigoApp on valikPC with PID 7441 (/home/valik/IdeaProjects/wigo-server/target/classes started by valik in /home/valik/IdeaProjects/wigo-server)
2018-10-06 18:14:58.363  INFO 7441 --- [restartedMain] com.wigo.server.WigoApp                  : No active profile set, falling back to default profiles: default
2018-10-06 18:14:58.427  INFO 7441 --- [restartedMain] ConfigServletWebServerApplicationContext : Refreshing org.springframework.boot.web.servlet.context.AnnotationConfigServletWebServerApplicationContext@10bbc831: startup date [Sat Oct 06 18:14:58 EEST 2018]; root of context hierarchy
2018-10-06 18:14:59.788  INFO 7441 --- [restartedMain] trationDelegate$BeanPostProcessorChecker : Bean 'org.springframework.transaction.annotation.ProxyTransactionManagementConfiguration' of type [org.springframework.transaction.annotation.ProxyTransactionManagementConfiguration$$EnhancerBySpringCGLIB$$875c42ac] is not eligible for getting processed by all BeanPostProcessors (for example: not eligible for auto-proxying)
2018-10-06 18:15:00.067  INFO 7441 --- [restartedMain] o.s.b.w.embedded.tomcat.TomcatWebServer  : Tomcat initialized with port(s): 8080 (http)
2018-10-06 18:15:00.084  INFO 7441 --- [restartedMain] o.apache.catalina.core.StandardService   : Starting service [Tomcat]
2018-10-06 18:15:00.085  INFO 7441 --- [restartedMain] org.apache.catalina.core.StandardEngine  : Starting Servlet Engine: Apache Tomcat/8.5.31
2018-10-06 18:15:00.091  INFO 7441 --- [localhost-startStop-1] o.a.catalina.core.AprLifecycleListener   : The APR based Apache Tomcat Native library which allows optimal performance in production environments was not found on the java.library.path: [/usr/java/packages/lib/amd64:/usr/lib/x86_64-linux-gnu/jni:/lib/x86_64-linux-gnu:/usr/lib/x86_64-linux-gnu:/usr/lib/jni:/lib:/usr/lib]
2018-10-06 18:15:00.143  INFO 7441 --- [localhost-startStop-1] o.a.c.c.C.[Tomcat].[localhost].[/]       : Initializing Spring embedded WebApplicationContext
2018-10-06 18:15:00.143  INFO 7441 --- [localhost-startStop-1] o.s.web.context.ContextLoader            : Root WebApplicationContext: initialization completed in 1716 ms
2018-10-06 18:15:00.243  INFO 7441 --- [localhost-startStop-1] o.s.b.w.servlet.ServletRegistrationBean  : Servlet dispatcherServlet mapped to [/]
2018-10-06 18:15:00.246  INFO 7441 --- [localhost-startStop-1] o.s.b.w.servlet.FilterRegistrationBean   : Mapping filter: 'characterEncodingFilter' to: [/*]
2018-10-06 18:15:00.246  INFO 7441 --- [localhost-startStop-1] o.s.b.w.servlet.FilterRegistrationBean   : Mapping filter: 'hiddenHttpMethodFilter' to: [/*]
2018-10-06 18:15:00.246  INFO 7441 --- [localhost-startStop-1] o.s.b.w.servlet.FilterRegistrationBean   : Mapping filter: 'httpPutFormContentFilter' to: [/*]
2018-10-06 18:15:00.246  INFO 7441 --- [localhost-startStop-1] o.s.b.w.servlet.FilterRegistrationBean   : Mapping filter: 'requestContextFilter' to: [/*]
2018-10-06 18:15:00.246  INFO 7441 --- [localhost-startStop-1] o.s.b.w.servlet.FilterRegistrationBean   : Mapping filter: 'loginFilter' to: [/*]
2018-10-06 18:15:00.911  INFO 7441 --- [restartedMain] s.w.s.m.m.a.RequestMappingHandlerMapping : Mapped "{[/api/category/{categoryId}],methods=[GET]}" onto public com.wigo.server.dto.CategoryDto com.wigo.server.controllers.CategoryController.getCategoryById(java.util.UUID)
2018-10-06 18:15:00.913  INFO 7441 --- [restartedMain] s.w.s.m.m.a.RequestMappingHandlerMapping : Mapped "{[/api/category/list],methods=[GET]}" onto public java.util.List<com.wigo.server.dto.CategoryDto> com.wigo.server.controllers.CategoryController.getcategoriesList()
2018-10-06 18:15:00.914  INFO 7441 --- [restartedMain] s.w.s.m.m.a.RequestMappingHandlerMapping : Mapped "{[/],methods=[GET]}" onto public java.lang.String com.wigo.server.controllers.LandingController.index()
2018-10-06 18:15:00.916  INFO 7441 --- [restartedMain] s.w.s.m.m.a.RequestMappingHandlerMapping : Mapped "{[/api/login],methods=[POST]}" onto public com.wigo.server.dto.LoginDto com.wigo.server.controllers.LoginController.login(com.wigo.server.controllers.LoginController$LoginData)
2018-10-06 18:15:00.920  INFO 7441 --- [restartedMain] s.w.s.m.m.a.RequestMappingHandlerMapping : Mapped "{[/api/status/{statusId}],methods=[GET]}" onto public com.wigo.server.dto.StatusDto com.wigo.server.controllers.StatusController.getStatus(java.util.UUID)
2018-10-06 18:15:00.920  INFO 7441 --- [restartedMain] s.w.s.m.m.a.RequestMappingHandlerMapping : Mapped "{[/api/status],methods=[GET]}" onto public java.util.List<com.wigo.server.dto.BriefStatusDto> com.wigo.server.controllers.StatusController.getStatuses(com.wigo.server.dto.StatusSearchParamsDto)
2018-10-06 18:15:00.920  INFO 7441 --- [restartedMain] s.w.s.m.m.a.RequestMappingHandlerMapping : Mapped "{[/api/status],methods=[POST]}" onto public java.util.UUID com.wigo.server.controllers.StatusController.postStatus(com.wigo.server.dto.StatusDto,java.util.UUID)
2018-10-06 18:15:00.921  INFO 7441 --- [restartedMain] s.w.s.m.m.a.RequestMappingHandlerMapping : Mapped "{[/api/status/{statusId}],methods=[PATCH]}" onto public void com.wigo.server.controllers.StatusController.patchStatus(java.util.UUID,com.wigo.server.dto.StatusDto,java.util.UUID)
2018-10-06 18:15:00.921  INFO 7441 --- [restartedMain] s.w.s.m.m.a.RequestMappingHandlerMapping : Mapped "{[/api/status/{statusId}/messages],methods=[GET]}" onto public java.util.List<com.wigo.server.dto.MessageDto> com.wigo.server.controllers.StatusController.getMessages(java.util.UUID,java.time.Instant)
2018-10-06 18:15:00.921  INFO 7441 --- [restartedMain] s.w.s.m.m.a.RequestMappingHandlerMapping : Mapped "{[/api/status/{statusId}/messages],methods=[POST]}" onto public com.wigo.server.dto.MessageDto com.wigo.server.controllers.StatusController.postMessage(java.util.UUID,com.wigo.server.dto.MessageDto,java.util.UUID)
2018-10-06 18:15:00.921  INFO 7441 --- [restartedMain] s.w.s.m.m.a.RequestMappingHandlerMapping : Mapped "{[/api/hashtags],methods=[GET]}" onto public java.util.List<java.lang.String> com.wigo.server.controllers.StatusController.getHashtags(java.lang.String,int)
2018-10-06 18:15:00.923  INFO 7441 --- [restartedMain] s.w.s.m.m.a.RequestMappingHandlerMapping : Mapped "{[/v2/api-docs],methods=[GET],produces=[application/json || application/hal+json]}" onto public org.springframework.http.ResponseEntity<springfox.documentation.spring.web.json.Json> springfox.documentation.swagger2.web.Swagger2Controller.getDocumentation(java.lang.String,javax.servlet.http.HttpServletRequest)
2018-10-06 18:15:00.926  INFO 7441 --- [restartedMain] s.w.s.m.m.a.RequestMappingHandlerMapping : Mapped "{[/swagger-resources/configuration/ui]}" onto org.springframework.http.ResponseEntity<springfox.documentation.swagger.web.UiConfiguration> springfox.documentation.swagger.web.ApiResourceController.uiConfiguration()
2018-10-06 18:15:00.926  INFO 7441 --- [restartedMain] s.w.s.m.m.a.RequestMappingHandlerMapping : Mapped "{[/swagger-resources/configuration/security]}" onto org.springframework.http.ResponseEntity<springfox.documentation.swagger.web.SecurityConfiguration> springfox.documentation.swagger.web.ApiResourceController.securityConfiguration()
2018-10-06 18:15:00.927  INFO 7441 --- [restartedMain] s.w.s.m.m.a.RequestMappingHandlerMapping : Mapped "{[/swagger-resources]}" onto org.springframework.http.ResponseEntity<java.util.List<springfox.documentation.swagger.web.SwaggerResource>> springfox.documentation.swagger.web.ApiResourceController.swaggerResources()
2018-10-06 18:15:00.931  INFO 7441 --- [restartedMain] s.w.s.m.m.a.RequestMappingHandlerMapping : Mapped "{[/error],produces=[text/html]}" onto public org.springframework.web.servlet.ModelAndView org.springframework.boot.autoconfigure.web.servlet.error.BasicErrorController.errorHtml(javax.servlet.http.HttpServletRequest,javax.servlet.http.HttpServletResponse)
2018-10-06 18:15:00.931  INFO 7441 --- [restartedMain] s.w.s.m.m.a.RequestMappingHandlerMapping : Mapped "{[/error]}" onto public org.springframework.http.ResponseEntity<java.util.Map<java.lang.String, java.lang.Object>> org.springframework.boot.autoconfigure.web.servlet.error.BasicErrorController.error(javax.servlet.http.HttpServletRequest)
2018-10-06 18:15:01.069  INFO 7441 --- [restartedMain] o.s.w.s.handler.SimpleUrlHandlerMapping  : Mapped URL path [/**/favicon.ico] onto handler of type [class org.springframework.web.servlet.resource.ResourceHttpRequestHandler]
2018-10-06 18:15:01.102  INFO 7441 --- [restartedMain] s.w.s.m.m.a.RequestMappingHandlerAdapter : Looking for @ControllerAdvice: org.springframework.boot.web.servlet.context.AnnotationConfigServletWebServerApplicationContext@10bbc831: startup date [Sat Oct 06 18:14:58 EEST 2018]; root of context hierarchy
2018-10-06 18:15:01.170  INFO 7441 --- [restartedMain] o.s.w.s.handler.SimpleUrlHandlerMapping  : Mapped URL path [/webjars/**] onto handler of type [class org.springframework.web.servlet.resource.ResourceHttpRequestHandler]
2018-10-06 18:15:01.170  INFO 7441 --- [restartedMain] o.s.w.s.handler.SimpleUrlHandlerMapping  : Mapped URL path [/**] onto handler of type [class org.springframework.web.servlet.resource.ResourceHttpRequestHandler]
2018-10-06 18:15:01.302  INFO 7441 --- [restartedMain] o.s.b.a.w.s.WelcomePageHandlerMapping    : Adding welcome page template: index
2018-10-06 18:15:01.926  INFO 7441 --- [restartedMain] o.s.b.d.a.OptionalLiveReloadServer       : LiveReload server is running on port 35729
2018-10-06 18:15:02.022  INFO 7441 --- [restartedMain] o.s.j.e.a.AnnotationMBeanExporter        : Registering beans for JMX exposure on startup
2018-10-06 18:15:02.033  INFO 7441 --- [restartedMain] o.s.c.support.DefaultLifecycleProcessor  : Starting beans in phase 2147483647
2018-10-06 18:15:02.033  INFO 7441 --- [restartedMain] d.s.w.p.DocumentationPluginsBootstrapper : Context refreshed
2018-10-06 18:15:02.049  INFO 7441 --- [restartedMain] d.s.w.p.DocumentationPluginsBootstrapper : Found 1 custom documentation plugin(s)
2018-10-06 18:15:02.058  INFO 7441 --- [restartedMain] s.d.s.w.s.ApiListingReferenceScanner     : Scanning for api listing references
2018-10-06 18:15:02.373  INFO 7441 --- [restartedMain] o.s.b.w.embedded.tomcat.TomcatWebServer  : Tomcat started on port(s): 8080 (http) with context path ''
2018-10-06 18:15:02.378  INFO 7441 --- [restartedMain] com.wigo.server.WigoApp                  : Started WigoApp in 4.413 seconds (JVM running for 4.95)
2018-10-06 18:17:16.456  INFO 7441 --- [Thread-9] ConfigServletWebServerApplicationContext : Closing org.springframework.boot.web.servlet.context.AnnotationConfigServletWebServerApplicationContext@10bbc831: startup date [Sat Oct 06 18:14:58 EEST 2018]; root of context hierarchy
2018-10-06 18:17:16.460  INFO 7441 --- [Thread-9] o.s.c.support.DefaultLifecycleProcessor  : Stopping beans in phase 2147483647
2018-10-06 18:17:16.463  INFO 7441 --- [Thread-9] o.s.j.e.a.AnnotationMBeanExporter        : Unregistering JMX-exposed beans on shutdown
2018-10-06 20:50:51.745  INFO 16328 --- [restartedMain] com.wigo.server.WigoApp                  : Starting WigoApp on valikPC with PID 16328 (/home/valik/IdeaProjects/wigo-server/target/classes started by valik in /home/valik/IdeaProjects/wigo-server)
2018-10-06 20:50:51.749  INFO 16328 --- [restartedMain] com.wigo.server.WigoApp                  : No active profile set, falling back to default profiles: default
2018-10-06 20:50:51.877  INFO 16328 --- [restartedMain] ConfigServletWebServerApplicationContext : Refreshing org.springframework.boot.web.servlet.context.AnnotationConfigServletWebServerApplicationContext@2895a9ce: startup date [Sat Oct 06 20:50:51 EEST 2018]; root of context hierarchy
2018-10-06 20:50:56.216  INFO 16328 --- [restartedMain] trationDelegate$BeanPostProcessorChecker : Bean 'org.springframework.transaction.annotation.ProxyTransactionManagementConfiguration' of type [org.springframework.transaction.annotation.ProxyTransactionManagementConfiguration$$EnhancerBySpringCGLIB$$800b5d3f] is not eligible for getting processed by all BeanPostProcessors (for example: not eligible for auto-proxying)
2018-10-06 20:50:56.748  INFO 16328 --- [restartedMain] o.s.b.w.embedded.tomcat.TomcatWebServer  : Tomcat initialized with port(s): 8080 (http)
2018-10-06 20:50:56.781  INFO 16328 --- [restartedMain] o.apache.catalina.core.StandardService   : Starting service [Tomcat]
2018-10-06 20:50:56.781  INFO 16328 --- [restartedMain] org.apache.catalina.core.StandardEngine  : Starting Servlet Engine: Apache Tomcat/8.5.31
2018-10-06 20:50:56.802  INFO 16328 --- [localhost-startStop-1] o.a.catalina.core.AprLifecycleListener   : The APR based Apache Tomcat Native library which allows optimal performance in production environments was not found on the java.library.path: [/usr/java/packages/lib/amd64:/usr/lib/x86_64-linux-gnu/jni:/lib/x86_64-linux-gnu:/usr/lib/x86_64-linux-gnu:/usr/lib/jni:/lib:/usr/lib]
2018-10-06 20:50:56.938  INFO 16328 --- [localhost-startStop-1] o.a.c.c.C.[Tomcat].[localhost].[/]       : Initializing Spring embedded WebApplicationContext
2018-10-06 20:50:56.938  INFO 16328 --- [localhost-startStop-1] o.s.web.context.ContextLoader            : Root WebApplicationContext: initialization completed in 5061 ms
2018-10-06 20:50:57.328  INFO 16328 --- [localhost-startStop-1] o.s.b.w.servlet.ServletRegistrationBean  : Servlet dispatcherServlet mapped to [/]
2018-10-06 20:50:57.336  INFO 16328 --- [localhost-startStop-1] o.s.b.w.servlet.FilterRegistrationBean   : Mapping filter: 'characterEncodingFilter' to: [/*]
2018-10-06 20:50:57.338  INFO 16328 --- [localhost-startStop-1] o.s.b.w.servlet.FilterRegistrationBean   : Mapping filter: 'hiddenHttpMethodFilter' to: [/*]
2018-10-06 20:50:57.339  INFO 16328 --- [localhost-startStop-1] o.s.b.w.servlet.FilterRegistrationBean   : Mapping filter: 'httpPutFormContentFilter' to: [/*]
2018-10-06 20:50:57.340  INFO 16328 --- [localhost-startStop-1] o.s.b.w.servlet.FilterRegistrationBean   : Mapping filter: 'requestContextFilter' to: [/*]
2018-10-06 20:50:57.347  INFO 16328 --- [localhost-startStop-1] o.s.b.w.servlet.FilterRegistrationBean   : Mapping filter: 'loginFilter' to: [/*]
2018-10-06 20:50:59.416  INFO 16328 --- [restartedMain] s.w.s.m.m.a.RequestMappingHandlerMapping : Mapped "{[/api/category/list],methods=[GET]}" onto public java.util.List<com.wigo.server.dto.CategoryDto> com.wigo.server.controllers.CategoryController.getcategoriesList()
2018-10-06 20:50:59.417  INFO 16328 --- [restartedMain] s.w.s.m.m.a.RequestMappingHandlerMapping : Mapped "{[/api/category/{categoryId}],methods=[GET]}" onto public com.wigo.server.dto.CategoryDto com.wigo.server.controllers.CategoryController.getCategoryById(java.util.UUID)
2018-10-06 20:50:59.419  INFO 16328 --- [restartedMain] s.w.s.m.m.a.RequestMappingHandlerMapping : Mapped "{[/],methods=[GET]}" onto public java.lang.String com.wigo.server.controllers.LandingController.index()
2018-10-06 20:50:59.420  INFO 16328 --- [restartedMain] s.w.s.m.m.a.RequestMappingHandlerMapping : Mapped "{[/api/login],methods=[POST]}" onto public com.wigo.server.dto.LoginDto com.wigo.server.controllers.LoginController.login(com.wigo.server.controllers.LoginController$LoginData)
2018-10-06 20:50:59.423  INFO 16328 --- [restartedMain] s.w.s.m.m.a.RequestMappingHandlerMapping : Mapped "{[/api/status/{statusId}],methods=[GET]}" onto public com.wigo.server.dto.StatusDto com.wigo.server.controllers.StatusController.getStatus(java.util.UUID)
2018-10-06 20:50:59.424  INFO 16328 --- [restartedMain] s.w.s.m.m.a.RequestMappingHandlerMapping : Mapped "{[/api/status],methods=[GET]}" onto public java.util.List<com.wigo.server.dto.BriefStatusDto> com.wigo.server.controllers.StatusController.getStatuses(com.wigo.server.dto.StatusSearchParamsDto)
2018-10-06 20:50:59.425  INFO 16328 --- [restartedMain] s.w.s.m.m.a.RequestMappingHandlerMapping : Mapped "{[/api/status],methods=[POST]}" onto public java.util.UUID com.wigo.server.controllers.StatusController.postStatus(com.wigo.server.dto.StatusDto,java.util.UUID)
2018-10-06 20:50:59.426  INFO 16328 --- [restartedMain] s.w.s.m.m.a.RequestMappingHandlerMapping : Mapped "{[/api/status/{statusId}],methods=[PATCH]}" onto public void com.wigo.server.controllers.StatusController.patchStatus(java.util.UUID,com.wigo.server.dto.StatusDto,java.util.UUID)
2018-10-06 20:50:59.430  INFO 16328 --- [restartedMain] s.w.s.m.m.a.RequestMappingHandlerMapping : Mapped "{[/api/status/{statusId}/messages],methods=[GET]}" onto public java.util.List<com.wigo.server.dto.MessageDto> com.wigo.server.controllers.StatusController.getMessages(java.util.UUID,java.time.Instant)
2018-10-06 20:50:59.430  INFO 16328 --- [restartedMain] s.w.s.m.m.a.RequestMappingHandlerMapping : Mapped "{[/api/status/{statusId}/messages],methods=[POST]}" onto public com.wigo.server.dto.MessageDto com.wigo.server.controllers.StatusController.postMessage(java.util.UUID,com.wigo.server.dto.MessageDto,java.util.UUID)
2018-10-06 20:50:59.430  INFO 16328 --- [restartedMain] s.w.s.m.m.a.RequestMappingHandlerMapping : Mapped "{[/api/hashtags],methods=[GET]}" onto public java.util.List<java.lang.String> com.wigo.server.controllers.StatusController.getHashtags(java.lang.String,int)
2018-10-06 20:50:59.432  INFO 16328 --- [restartedMain] s.w.s.m.m.a.RequestMappingHandlerMapping : Mapped "{[/v2/api-docs],methods=[GET],produces=[application/json || application/hal+json]}" onto public org.springframework.http.ResponseEntity<springfox.documentation.spring.web.json.Json> springfox.documentation.swagger2.web.Swagger2Controller.getDocumentation(java.lang.String,javax.servlet.http.HttpServletRequest)
2018-10-06 20:50:59.436  INFO 16328 --- [restartedMain] s.w.s.m.m.a.RequestMappingHandlerMapping : Mapped "{[/swagger-resources/configuration/ui]}" onto org.springframework.http.ResponseEntity<springfox.documentation.swagger.web.UiConfiguration> springfox.documentation.swagger.web.ApiResourceController.uiConfiguration()
2018-10-06 20:50:59.437  INFO 16328 --- [restartedMain] s.w.s.m.m.a.RequestMappingHandlerMapping : Mapped "{[/swagger-resources]}" onto org.springframework.http.ResponseEntity<java.util.List<springfox.documentation.swagger.web.SwaggerResource>> springfox.documentation.swagger.web.ApiResourceController.swaggerResources()
2018-10-06 20:50:59.438  INFO 16328 --- [restartedMain] s.w.s.m.m.a.RequestMappingHandlerMapping : Mapped "{[/swagger-resources/configuration/security]}" onto org.springframework.http.ResponseEntity<springfox.documentation.swagger.web.SecurityConfiguration> springfox.documentation.swagger.web.ApiResourceController.securityConfiguration()
2018-10-06 20:50:59.444  INFO 16328 --- [restartedMain] s.w.s.m.m.a.RequestMappingHandlerMapping : Mapped "{[/error],produces=[text/html]}" onto public org.springframework.web.servlet.ModelAndView org.springframework.boot.autoconfigure.web.servlet.error.BasicErrorController.errorHtml(javax.servlet.http.HttpServletRequest,javax.servlet.http.HttpServletResponse)
2018-10-06 20:50:59.444  INFO 16328 --- [restartedMain] s.w.s.m.m.a.RequestMappingHandlerMapping : Mapped "{[/error]}" onto public org.springframework.http.ResponseEntity<java.util.Map<java.lang.String, java.lang.Object>> org.springframework.boot.autoconfigure.web.servlet.error.BasicErrorController.error(javax.servlet.http.HttpServletRequest)
2018-10-06 20:50:59.693  INFO 16328 --- [restartedMain] o.s.w.s.handler.SimpleUrlHandlerMapping  : Mapped URL path [/**/favicon.ico] onto handler of type [class org.springframework.web.servlet.resource.ResourceHttpRequestHandler]
2018-10-06 20:50:59.749  INFO 16328 --- [restartedMain] s.w.s.m.m.a.RequestMappingHandlerAdapter : Looking for @ControllerAdvice: org.springframework.boot.web.servlet.context.AnnotationConfigServletWebServerApplicationContext@2895a9ce: startup date [Sat Oct 06 20:50:51 EEST 2018]; root of context hierarchy
2018-10-06 20:50:59.819  INFO 16328 --- [restartedMain] o.s.w.s.handler.SimpleUrlHandlerMapping  : Mapped URL path [/webjars/**] onto handler of type [class org.springframework.web.servlet.resource.ResourceHttpRequestHandler]
2018-10-06 20:50:59.819  INFO 16328 --- [restartedMain] o.s.w.s.handler.SimpleUrlHandlerMapping  : Mapped URL path [/**] onto handler of type [class org.springframework.web.servlet.resource.ResourceHttpRequestHandler]
2018-10-06 20:51:00.245  INFO 16328 --- [restartedMain] o.s.b.a.w.s.WelcomePageHandlerMapping    : Adding welcome page template: index
2018-10-06 20:51:01.102  INFO 16328 --- [restartedMain] o.s.b.d.a.OptionalLiveReloadServer       : LiveReload server is running on port 35729
2018-10-06 20:51:01.156  INFO 16328 --- [restartedMain] o.s.j.e.a.AnnotationMBeanExporter        : Registering beans for JMX exposure on startup
2018-10-06 20:51:01.170  INFO 16328 --- [restartedMain] o.s.c.support.DefaultLifecycleProcessor  : Starting beans in phase 2147483647
2018-10-06 20:51:01.170  INFO 16328 --- [restartedMain] d.s.w.p.DocumentationPluginsBootstrapper : Context refreshed
2018-10-06 20:51:01.215  INFO 16328 --- [restartedMain] d.s.w.p.DocumentationPluginsBootstrapper : Found 1 custom documentation plugin(s)
2018-10-06 20:51:01.241  INFO 16328 --- [restartedMain] s.d.s.w.s.ApiListingReferenceScanner     : Scanning for api listing references
2018-10-06 20:51:01.716  INFO 16328 --- [restartedMain] o.s.b.w.embedded.tomcat.TomcatWebServer  : Tomcat started on port(s): 8080 (http) with context path ''
2018-10-06 20:51:01.725  INFO 16328 --- [restartedMain] com.wigo.server.WigoApp                  : Started WigoApp in 10.799 seconds (JVM running for 12.349)
2018-10-06 20:51:20.083  INFO 16328 --- [http-nio-8080-exec-1] o.a.c.c.C.[Tomcat].[localhost].[/]       : Initializing Spring FrameworkServlet 'dispatcherServlet'
2018-10-06 20:51:20.085  INFO 16328 --- [http-nio-8080-exec-1] o.s.web.servlet.DispatcherServlet        : FrameworkServlet 'dispatcherServlet': initialization started
2018-10-06 20:51:20.102  INFO 16328 --- [http-nio-8080-exec-1] o.s.web.servlet.DispatcherServlet        : FrameworkServlet 'dispatcherServlet': initialization completed in 17 ms
2018-10-06 21:12:16.430  INFO 16328 --- [Thread-9] ConfigServletWebServerApplicationContext : Closing org.springframework.boot.web.servlet.context.AnnotationConfigServletWebServerApplicationContext@2895a9ce: startup date [Sat Oct 06 20:50:51 EEST 2018]; root of context hierarchy
2018-10-06 21:12:18.016  INFO 16328 --- [Thread-9] o.s.c.support.DefaultLifecycleProcessor  : Stopping beans in phase 2147483647
2018-10-06 21:12:18.329  INFO 16328 --- [Thread-9] o.s.j.e.a.AnnotationMBeanExporter        : Unregistering JMX-exposed beans on shutdown
2018-10-06 21:20:00.962  INFO 3922 --- [restartedMain] com.wigo.server.WigoApp                  : Starting WigoApp on valikPC with PID 3922 (/home/valik/IdeaProjects/wigo-server/target/classes started by valik in /home/valik/IdeaProjects/wigo-server)
2018-10-06 21:20:00.966  INFO 3922 --- [restartedMain] com.wigo.server.WigoApp                  : No active profile set, falling back to default profiles: default
2018-10-06 21:20:01.080  INFO 3922 --- [restartedMain] ConfigServletWebServerApplicationContext : Refreshing org.springframework.boot.web.servlet.context.AnnotationConfigServletWebServerApplicationContext@4e93e6c6: startup date [Sat Oct 06 21:20:01 EEST 2018]; root of context hierarchy
2018-10-06 21:20:04.131  INFO 3922 --- [restartedMain] trationDelegate$BeanPostProcessorChecker : Bean 'org.springframework.transaction.annotation.ProxyTransactionManagementConfiguration' of type [org.springframework.transaction.annotation.ProxyTransactionManagementConfiguration$$EnhancerBySpringCGLIB$$9283a3e7] is not eligible for getting processed by all BeanPostProcessors (for example: not eligible for auto-proxying)
2018-10-06 21:20:04.764  INFO 3922 --- [restartedMain] o.s.b.w.embedded.tomcat.TomcatWebServer  : Tomcat initialized with port(s): 8080 (http)
2018-10-06 21:20:04.806  INFO 3922 --- [restartedMain] o.apache.catalina.core.StandardService   : Starting service [Tomcat]
2018-10-06 21:20:04.806  INFO 3922 --- [restartedMain] org.apache.catalina.core.StandardEngine  : Starting Servlet Engine: Apache Tomcat/8.5.31
2018-10-06 21:20:04.826  INFO 3922 --- [localhost-startStop-1] o.a.catalina.core.AprLifecycleListener   : The APR based Apache Tomcat Native library which allows optimal performance in production environments was not found on the java.library.path: [/usr/java/packages/lib/amd64:/usr/lib/x86_64-linux-gnu/jni:/lib/x86_64-linux-gnu:/usr/lib/x86_64-linux-gnu:/usr/lib/jni:/lib:/usr/lib]
2018-10-06 21:20:04.980  INFO 3922 --- [localhost-startStop-1] o.a.c.c.C.[Tomcat].[localhost].[/]       : Initializing Spring embedded WebApplicationContext
2018-10-06 21:20:04.981  INFO 3922 --- [localhost-startStop-1] o.s.web.context.ContextLoader            : Root WebApplicationContext: initialization completed in 3901 ms
2018-10-06 21:20:05.224  INFO 3922 --- [localhost-startStop-1] o.s.b.w.servlet.ServletRegistrationBean  : Servlet dispatcherServlet mapped to [/]
2018-10-06 21:20:05.228  INFO 3922 --- [localhost-startStop-1] o.s.b.w.servlet.FilterRegistrationBean   : Mapping filter: 'characterEncodingFilter' to: [/*]
2018-10-06 21:20:05.228  INFO 3922 --- [localhost-startStop-1] o.s.b.w.servlet.FilterRegistrationBean   : Mapping filter: 'hiddenHttpMethodFilter' to: [/*]
2018-10-06 21:20:05.229  INFO 3922 --- [localhost-startStop-1] o.s.b.w.servlet.FilterRegistrationBean   : Mapping filter: 'httpPutFormContentFilter' to: [/*]
2018-10-06 21:20:05.229  INFO 3922 --- [localhost-startStop-1] o.s.b.w.servlet.FilterRegistrationBean   : Mapping filter: 'requestContextFilter' to: [/*]
2018-10-06 21:20:05.229  INFO 3922 --- [localhost-startStop-1] o.s.b.w.servlet.FilterRegistrationBean   : Mapping filter: 'loginFilter' to: [/*]
2018-10-06 21:20:06.752  INFO 3922 --- [restartedMain] s.w.s.m.m.a.RequestMappingHandlerMapping : Mapped "{[/api/category/list],methods=[GET]}" onto public java.util.List<com.wigo.server.dto.CategoryDto> com.wigo.server.controllers.CategoryController.getcategoriesList()
2018-10-06 21:20:06.754  INFO 3922 --- [restartedMain] s.w.s.m.m.a.RequestMappingHandlerMapping : Mapped "{[/api/category/{categoryId}],methods=[GET]}" onto public com.wigo.server.dto.CategoryDto com.wigo.server.controllers.CategoryController.getCategoryById(java.util.UUID)
2018-10-06 21:20:06.754  INFO 3922 --- [restartedMain] s.w.s.m.m.a.RequestMappingHandlerMapping : Mapped "{[/],methods=[GET]}" onto public java.lang.String com.wigo.server.controllers.LandingController.index()
2018-10-06 21:20:06.756  INFO 3922 --- [restartedMain] s.w.s.m.m.a.RequestMappingHandlerMapping : Mapped "{[/api/login],methods=[POST]}" onto public com.wigo.server.dto.LoginDto com.wigo.server.controllers.LoginController.login(com.wigo.server.controllers.LoginController$LoginData)
2018-10-06 21:20:06.759  INFO 3922 --- [restartedMain] s.w.s.m.m.a.RequestMappingHandlerMapping : Mapped "{[/api/status/{statusId}],methods=[GET]}" onto public com.wigo.server.dto.StatusDto com.wigo.server.controllers.StatusController.getStatus(java.util.UUID)
2018-10-06 21:20:06.760  INFO 3922 --- [restartedMain] s.w.s.m.m.a.RequestMappingHandlerMapping : Mapped "{[/api/status],methods=[GET]}" onto public java.util.List<com.wigo.server.dto.BriefStatusDto> com.wigo.server.controllers.StatusController.getStatuses(com.wigo.server.dto.StatusSearchParamsDto)
2018-10-06 21:20:06.760  INFO 3922 --- [restartedMain] s.w.s.m.m.a.RequestMappingHandlerMapping : Mapped "{[/api/status],methods=[POST]}" onto public java.util.UUID com.wigo.server.controllers.StatusController.postStatus(com.wigo.server.dto.StatusDto,java.util.UUID)
2018-10-06 21:20:06.760  INFO 3922 --- [restartedMain] s.w.s.m.m.a.RequestMappingHandlerMapping : Mapped "{[/api/status/{statusId}],methods=[PATCH]}" onto public void com.wigo.server.controllers.StatusController.patchStatus(java.util.UUID,com.wigo.server.dto.StatusDto,java.util.UUID)
2018-10-06 21:20:06.761  INFO 3922 --- [restartedMain] s.w.s.m.m.a.RequestMappingHandlerMapping : Mapped "{[/api/status/{statusId}/messages],methods=[GET]}" onto public java.util.List<com.wigo.server.dto.MessageDto> com.wigo.server.controllers.StatusController.getMessages(java.util.UUID,java.time.Instant)
2018-10-06 21:20:06.761  INFO 3922 --- [restartedMain] s.w.s.m.m.a.RequestMappingHandlerMapping : Mapped "{[/api/status/{statusId}/messages],methods=[POST]}" onto public com.wigo.server.dto.MessageDto com.wigo.server.controllers.StatusController.postMessage(java.util.UUID,com.wigo.server.dto.MessageDto,java.util.UUID)
2018-10-06 21:20:06.761  INFO 3922 --- [restartedMain] s.w.s.m.m.a.RequestMappingHandlerMapping : Mapped "{[/api/hashtags],methods=[GET]}" onto public java.util.List<java.lang.String> com.wigo.server.controllers.StatusController.getHashtags(java.lang.String,int)
2018-10-06 21:20:06.764  INFO 3922 --- [restartedMain] s.w.s.m.m.a.RequestMappingHandlerMapping : Mapped "{[/v2/api-docs],methods=[GET],produces=[application/json || application/hal+json]}" onto public org.springframework.http.ResponseEntity<springfox.documentation.spring.web.json.Json> springfox.documentation.swagger2.web.Swagger2Controller.getDocumentation(java.lang.String,javax.servlet.http.HttpServletRequest)
2018-10-06 21:20:06.767  INFO 3922 --- [restartedMain] s.w.s.m.m.a.RequestMappingHandlerMapping : Mapped "{[/swagger-resources/configuration/security]}" onto org.springframework.http.ResponseEntity<springfox.documentation.swagger.web.SecurityConfiguration> springfox.documentation.swagger.web.ApiResourceController.securityConfiguration()
2018-10-06 21:20:06.768  INFO 3922 --- [restartedMain] s.w.s.m.m.a.RequestMappingHandlerMapping : Mapped "{[/swagger-resources/configuration/ui]}" onto org.springframework.http.ResponseEntity<springfox.documentation.swagger.web.UiConfiguration> springfox.documentation.swagger.web.ApiResourceController.uiConfiguration()
2018-10-06 21:20:06.769  INFO 3922 --- [restartedMain] s.w.s.m.m.a.RequestMappingHandlerMapping : Mapped "{[/swagger-resources]}" onto org.springframework.http.ResponseEntity<java.util.List<springfox.documentation.swagger.web.SwaggerResource>> springfox.documentation.swagger.web.ApiResourceController.swaggerResources()
2018-10-06 21:20:06.774  INFO 3922 --- [restartedMain] s.w.s.m.m.a.RequestMappingHandlerMapping : Mapped "{[/error],produces=[text/html]}" onto public org.springframework.web.servlet.ModelAndView org.springframework.boot.autoconfigure.web.servlet.error.BasicErrorController.errorHtml(javax.servlet.http.HttpServletRequest,javax.servlet.http.HttpServletResponse)
2018-10-06 21:20:06.775  INFO 3922 --- [restartedMain] s.w.s.m.m.a.RequestMappingHandlerMapping : Mapped "{[/error]}" onto public org.springframework.http.ResponseEntity<java.util.Map<java.lang.String, java.lang.Object>> org.springframework.boot.autoconfigure.web.servlet.error.BasicErrorController.error(javax.servlet.http.HttpServletRequest)
2018-10-06 21:20:06.947  INFO 3922 --- [restartedMain] o.s.w.s.handler.SimpleUrlHandlerMapping  : Mapped URL path [/**/favicon.ico] onto handler of type [class org.springframework.web.servlet.resource.ResourceHttpRequestHandler]
2018-10-06 21:20:07.002  INFO 3922 --- [restartedMain] s.w.s.m.m.a.RequestMappingHandlerAdapter : Looking for @ControllerAdvice: org.springframework.boot.web.servlet.context.AnnotationConfigServletWebServerApplicationContext@4e93e6c6: startup date [Sat Oct 06 21:20:01 EEST 2018]; root of context hierarchy
2018-10-06 21:20:07.145  INFO 3922 --- [restartedMain] o.s.w.s.handler.SimpleUrlHandlerMapping  : Mapped URL path [/webjars/**] onto handler of type [class org.springframework.web.servlet.resource.ResourceHttpRequestHandler]
2018-10-06 21:20:07.145  INFO 3922 --- [restartedMain] o.s.w.s.handler.SimpleUrlHandlerMapping  : Mapped URL path [/**] onto handler of type [class org.springframework.web.servlet.resource.ResourceHttpRequestHandler]
2018-10-06 21:20:07.301  INFO 3922 --- [restartedMain] o.s.b.a.w.s.WelcomePageHandlerMapping    : Adding welcome page template: index
2018-10-06 21:20:07.608  INFO 3922 --- [restartedMain] o.s.b.d.a.OptionalLiveReloadServer       : LiveReload server is running on port 35729
2018-10-06 21:20:07.648  INFO 3922 --- [restartedMain] o.s.j.e.a.AnnotationMBeanExporter        : Registering beans for JMX exposure on startup
2018-10-06 21:20:07.657  INFO 3922 --- [restartedMain] o.s.c.support.DefaultLifecycleProcessor  : Starting beans in phase 2147483647
2018-10-06 21:20:07.658  INFO 3922 --- [restartedMain] d.s.w.p.DocumentationPluginsBootstrapper : Context refreshed
2018-10-06 21:20:07.673  INFO 3922 --- [restartedMain] d.s.w.p.DocumentationPluginsBootstrapper : Found 1 custom documentation plugin(s)
2018-10-06 21:20:07.681  INFO 3922 --- [restartedMain] s.d.s.w.s.ApiListingReferenceScanner     : Scanning for api listing references
2018-10-06 21:20:08.014  INFO 3922 --- [restartedMain] o.s.b.w.embedded.tomcat.TomcatWebServer  : Tomcat started on port(s): 8080 (http) with context path ''
2018-10-06 21:20:08.019  INFO 3922 --- [restartedMain] com.wigo.server.WigoApp                  : Started WigoApp in 7.653 seconds (JVM running for 9.348)
2018-10-06 21:20:32.885  INFO 3922 --- [http-nio-8080-exec-1] o.a.c.c.C.[Tomcat].[localhost].[/]       : Initializing Spring FrameworkServlet 'dispatcherServlet'
2018-10-06 21:20:32.886  INFO 3922 --- [http-nio-8080-exec-1] o.s.web.servlet.DispatcherServlet        : FrameworkServlet 'dispatcherServlet': initialization started
2018-10-06 21:20:32.899  INFO 3922 --- [http-nio-8080-exec-1] o.s.web.servlet.DispatcherServlet        : FrameworkServlet 'dispatcherServlet': initialization completed in 13 ms
2018-10-06 21:21:39.135  WARN 3922 --- [http-nio-8080-exec-6] .w.s.m.s.DefaultHandlerExceptionResolver : Failed to bind request element: org.springframework.web.method.annotation.MethodArgumentTypeMismatchException: Failed to convert value of type 'java.lang.String' to required type 'java.util.UUID'; nested exception is java.lang.IllegalArgumentException: Invalid UUID string: 1
2018-10-06 21:21:39.139  WARN 3922 --- [http-nio-8080-exec-6] .w.s.m.s.DefaultHandlerExceptionResolver : Resolved exception caused by Handler execution: org.springframework.web.method.annotation.MethodArgumentTypeMismatchException: Failed to convert value of type 'java.lang.String' to required type 'java.util.UUID'; nested exception is java.lang.IllegalArgumentException: Invalid UUID string: 1
2018-10-06 21:36:11.977  INFO 3922 --- [Thread-9] ConfigServletWebServerApplicationContext : Closing org.springframework.boot.web.servlet.context.AnnotationConfigServletWebServerApplicationContext@4e93e6c6: startup date [Sat Oct 06 21:20:01 EEST 2018]; root of context hierarchy
2018-10-06 21:36:11.985  INFO 3922 --- [Thread-9] o.s.c.support.DefaultLifecycleProcessor  : Stopping beans in phase 2147483647
2018-10-06 21:36:11.990  INFO 3922 --- [Thread-9] o.s.j.e.a.AnnotationMBeanExporter        : Unregistering JMX-exposed beans on shutdown
2018-10-06 21:36:34.830  INFO 7209 --- [restartedMain] com.wigo.server.WigoApp                  : Starting WigoApp on valikPC with PID 7209 (/home/valik/IdeaProjects/wigo-server/target/classes started by valik in /home/valik/IdeaProjects/wigo-server)
2018-10-06 21:36:34.833  INFO 7209 --- [restartedMain] com.wigo.server.WigoApp                  : No active profile set, falling back to default profiles: default
2018-10-06 21:36:35.013  INFO 7209 --- [restartedMain] ConfigServletWebServerApplicationContext : Refreshing org.springframework.boot.web.servlet.context.AnnotationConfigServletWebServerApplicationContext@25ccb959: startup date [Sat Oct 06 21:36:35 EEST 2018]; root of context hierarchy
2018-10-06 21:36:36.905  INFO 7209 --- [restartedMain] trationDelegate$BeanPostProcessorChecker : Bean 'org.springframework.transaction.annotation.ProxyTransactionManagementConfiguration' of type [org.springframework.transaction.annotation.ProxyTransactionManagementConfiguration$$EnhancerBySpringCGLIB$$e44de0d] is not eligible for getting processed by all BeanPostProcessors (for example: not eligible for auto-proxying)
2018-10-06 21:36:37.225  INFO 7209 --- [restartedMain] o.s.b.w.embedded.tomcat.TomcatWebServer  : Tomcat initialized with port(s): 8080 (http)
2018-10-06 21:36:37.247  INFO 7209 --- [restartedMain] o.apache.catalina.core.StandardService   : Starting service [Tomcat]
2018-10-06 21:36:37.248  INFO 7209 --- [restartedMain] org.apache.catalina.core.StandardEngine  : Starting Servlet Engine: Apache Tomcat/8.5.31
2018-10-06 21:36:37.256  INFO 7209 --- [localhost-startStop-1] o.a.catalina.core.AprLifecycleListener   : The APR based Apache Tomcat Native library which allows optimal performance in production environments was not found on the java.library.path: [/usr/java/packages/lib/amd64:/usr/lib/x86_64-linux-gnu/jni:/lib/x86_64-linux-gnu:/usr/lib/x86_64-linux-gnu:/usr/lib/jni:/lib:/usr/lib]
2018-10-06 21:36:37.315  INFO 7209 --- [localhost-startStop-1] o.a.c.c.C.[Tomcat].[localhost].[/]       : Initializing Spring embedded WebApplicationContext
2018-10-06 21:36:37.316  INFO 7209 --- [localhost-startStop-1] o.s.web.context.ContextLoader            : Root WebApplicationContext: initialization completed in 2303 ms
2018-10-06 21:36:37.442  INFO 7209 --- [localhost-startStop-1] o.s.b.w.servlet.ServletRegistrationBean  : Servlet dispatcherServlet mapped to [/]
2018-10-06 21:36:37.445  INFO 7209 --- [localhost-startStop-1] o.s.b.w.servlet.FilterRegistrationBean   : Mapping filter: 'characterEncodingFilter' to: [/*]
2018-10-06 21:36:37.446  INFO 7209 --- [localhost-startStop-1] o.s.b.w.servlet.FilterRegistrationBean   : Mapping filter: 'hiddenHttpMethodFilter' to: [/*]
2018-10-06 21:36:37.446  INFO 7209 --- [localhost-startStop-1] o.s.b.w.servlet.FilterRegistrationBean   : Mapping filter: 'httpPutFormContentFilter' to: [/*]
2018-10-06 21:36:37.446  INFO 7209 --- [localhost-startStop-1] o.s.b.w.servlet.FilterRegistrationBean   : Mapping filter: 'requestContextFilter' to: [/*]
2018-10-06 21:36:37.446  INFO 7209 --- [localhost-startStop-1] o.s.b.w.servlet.FilterRegistrationBean   : Mapping filter: 'loginFilter' to: [/*]
2018-10-06 21:36:38.335  INFO 7209 --- [restartedMain] s.w.s.m.m.a.RequestMappingHandlerMapping : Mapped "{[/api/category/list],methods=[GET]}" onto public java.util.List<com.wigo.server.dto.CategoryDto> com.wigo.server.controllers.CategoryController.getcategoriesList()
2018-10-06 21:36:38.338  INFO 7209 --- [restartedMain] s.w.s.m.m.a.RequestMappingHandlerMapping : Mapped "{[/api/category/{categoryId}],methods=[GET]}" onto public com.wigo.server.dto.CategoryDto com.wigo.server.controllers.CategoryController.getCategoryById(java.util.UUID)
2018-10-06 21:36:38.339  INFO 7209 --- [restartedMain] s.w.s.m.m.a.RequestMappingHandlerMapping : Mapped "{[/],methods=[GET]}" onto public java.lang.String com.wigo.server.controllers.LandingController.index()
2018-10-06 21:36:38.341  INFO 7209 --- [restartedMain] s.w.s.m.m.a.RequestMappingHandlerMapping : Mapped "{[/api/login],methods=[POST]}" onto public com.wigo.server.dto.LoginDto com.wigo.server.controllers.LoginController.login(com.wigo.server.controllers.LoginController$LoginData)
2018-10-06 21:36:38.344  INFO 7209 --- [restartedMain] s.w.s.m.m.a.RequestMappingHandlerMapping : Mapped "{[/api/status/{statusId}],methods=[GET]}" onto public com.wigo.server.dto.StatusDto com.wigo.server.controllers.StatusController.getStatus(java.util.UUID)
2018-10-06 21:36:38.344  INFO 7209 --- [restartedMain] s.w.s.m.m.a.RequestMappingHandlerMapping : Mapped "{[/api/status/{statusId}/messages],methods=[POST]}" onto public com.wigo.server.dto.MessageDto com.wigo.server.controllers.StatusController.postMessage(java.util.UUID,com.wigo.server.dto.MessageDto,java.util.UUID)
2018-10-06 21:36:38.345  INFO 7209 --- [restartedMain] s.w.s.m.m.a.RequestMappingHandlerMapping : Mapped "{[/api/hashtags],methods=[GET]}" onto public java.util.List<java.lang.String> com.wigo.server.controllers.StatusController.getHashtags(java.lang.String,int)
2018-10-06 21:36:38.345  INFO 7209 --- [restartedMain] s.w.s.m.m.a.RequestMappingHandlerMapping : Mapped "{[/api/status],methods=[GET]}" onto public java.util.List<com.wigo.server.dto.BriefStatusDto> com.wigo.server.controllers.StatusController.getStatuses(com.wigo.server.dto.StatusSearchParamsDto)
2018-10-06 21:36:38.345  INFO 7209 --- [restartedMain] s.w.s.m.m.a.RequestMappingHandlerMapping : Mapped "{[/api/status],methods=[POST]}" onto public java.util.UUID com.wigo.server.controllers.StatusController.postStatus(com.wigo.server.dto.StatusDto,java.util.UUID)
2018-10-06 21:36:38.345  INFO 7209 --- [restartedMain] s.w.s.m.m.a.RequestMappingHandlerMapping : Mapped "{[/api/status/{statusId}],methods=[PATCH]}" onto public void com.wigo.server.controllers.StatusController.patchStatus(java.util.UUID,com.wigo.server.dto.StatusDto,java.util.UUID)
2018-10-06 21:36:38.346  INFO 7209 --- [restartedMain] s.w.s.m.m.a.RequestMappingHandlerMapping : Mapped "{[/api/status/{statusId}/messages],methods=[GET]}" onto public java.util.List<com.wigo.server.dto.MessageDto> com.wigo.server.controllers.StatusController.getMessages(java.util.UUID,java.time.Instant)
2018-10-06 21:36:38.347  INFO 7209 --- [restartedMain] s.w.s.m.m.a.RequestMappingHandlerMapping : Mapped "{[/v2/api-docs],methods=[GET],produces=[application/json || application/hal+json]}" onto public org.springframework.http.ResponseEntity<springfox.documentation.spring.web.json.Json> springfox.documentation.swagger2.web.Swagger2Controller.getDocumentation(java.lang.String,javax.servlet.http.HttpServletRequest)
2018-10-06 21:36:38.350  INFO 7209 --- [restartedMain] s.w.s.m.m.a.RequestMappingHandlerMapping : Mapped "{[/swagger-resources/configuration/security]}" onto org.springframework.http.ResponseEntity<springfox.documentation.swagger.web.SecurityConfiguration> springfox.documentation.swagger.web.ApiResourceController.securityConfiguration()
2018-10-06 21:36:38.351  INFO 7209 --- [restartedMain] s.w.s.m.m.a.RequestMappingHandlerMapping : Mapped "{[/swagger-resources]}" onto org.springframework.http.ResponseEntity<java.util.List<springfox.documentation.swagger.web.SwaggerResource>> springfox.documentation.swagger.web.ApiResourceController.swaggerResources()
2018-10-06 21:36:38.352  INFO 7209 --- [restartedMain] s.w.s.m.m.a.RequestMappingHandlerMapping : Mapped "{[/swagger-resources/configuration/ui]}" onto org.springframework.http.ResponseEntity<springfox.documentation.swagger.web.UiConfiguration> springfox.documentation.swagger.web.ApiResourceController.uiConfiguration()
2018-10-06 21:36:38.358  INFO 7209 --- [restartedMain] s.w.s.m.m.a.RequestMappingHandlerMapping : Mapped "{[/error],produces=[text/html]}" onto public org.springframework.web.servlet.ModelAndView org.springframework.boot.autoconfigure.web.servlet.error.BasicErrorController.errorHtml(javax.servlet.http.HttpServletRequest,javax.servlet.http.HttpServletResponse)
2018-10-06 21:36:38.359  INFO 7209 --- [restartedMain] s.w.s.m.m.a.RequestMappingHandlerMapping : Mapped "{[/error]}" onto public org.springframework.http.ResponseEntity<java.util.Map<java.lang.String, java.lang.Object>> org.springframework.boot.autoconfigure.web.servlet.error.BasicErrorController.error(javax.servlet.http.HttpServletRequest)
2018-10-06 21:36:38.558  INFO 7209 --- [restartedMain] o.s.w.s.handler.SimpleUrlHandlerMapping  : Mapped URL path [/**/favicon.ico] onto handler of type [class org.springframework.web.servlet.resource.ResourceHttpRequestHandler]
2018-10-06 21:36:38.614  INFO 7209 --- [restartedMain] s.w.s.m.m.a.RequestMappingHandlerAdapter : Looking for @ControllerAdvice: org.springframework.boot.web.servlet.context.AnnotationConfigServletWebServerApplicationContext@25ccb959: startup date [Sat Oct 06 21:36:35 EEST 2018]; root of context hierarchy
2018-10-06 21:36:38.689  INFO 7209 --- [restartedMain] o.s.w.s.handler.SimpleUrlHandlerMapping  : Mapped URL path [/webjars/**] onto handler of type [class org.springframework.web.servlet.resource.ResourceHttpRequestHandler]
2018-10-06 21:36:38.690  INFO 7209 --- [restartedMain] o.s.w.s.handler.SimpleUrlHandlerMapping  : Mapped URL path [/**] onto handler of type [class org.springframework.web.servlet.resource.ResourceHttpRequestHandler]
2018-10-06 21:36:38.811  INFO 7209 --- [restartedMain] o.s.b.a.w.s.WelcomePageHandlerMapping    : Adding welcome page template: index
2018-10-06 21:36:39.108  INFO 7209 --- [restartedMain] o.s.b.d.a.OptionalLiveReloadServer       : LiveReload server is running on port 35729
2018-10-06 21:36:39.142  INFO 7209 --- [restartedMain] o.s.j.e.a.AnnotationMBeanExporter        : Registering beans for JMX exposure on startup
2018-10-06 21:36:39.152  INFO 7209 --- [restartedMain] o.s.c.support.DefaultLifecycleProcessor  : Starting beans in phase 2147483647
2018-10-06 21:36:39.152  INFO 7209 --- [restartedMain] d.s.w.p.DocumentationPluginsBootstrapper : Context refreshed
2018-10-06 21:36:39.173  INFO 7209 --- [restartedMain] d.s.w.p.DocumentationPluginsBootstrapper : Found 1 custom documentation plugin(s)
2018-10-06 21:36:39.183  INFO 7209 --- [restartedMain] s.d.s.w.s.ApiListingReferenceScanner     : Scanning for api listing references
2018-10-06 21:36:39.498  INFO 7209 --- [restartedMain] o.s.b.w.embedded.tomcat.TomcatWebServer  : Tomcat started on port(s): 8080 (http) with context path ''
2018-10-06 21:36:39.508  INFO 7209 --- [restartedMain] com.wigo.server.WigoApp                  : Started WigoApp in 5.517 seconds (JVM running for 6.651)
2018-10-06 21:42:55.229  INFO 7209 --- [Thread-9] ConfigServletWebServerApplicationContext : Closing org.springframework.boot.web.servlet.context.AnnotationConfigServletWebServerApplicationContext@25ccb959: startup date [Sat Oct 06 21:36:35 EEST 2018]; root of context hierarchy
2018-10-06 21:42:55.238  INFO 7209 --- [Thread-9] o.s.c.support.DefaultLifecycleProcessor  : Stopping beans in phase 2147483647
2018-10-06 21:42:55.244  INFO 7209 --- [Thread-9] o.s.j.e.a.AnnotationMBeanExporter        : Unregistering JMX-exposed beans on shutdown
2018-10-06 21:49:06.967  INFO 3911 --- [restartedMain] com.wigo.server.WigoApp                  : Starting WigoApp on valikPC with PID 3911 (/home/valik/IdeaProjects/wigo-server/target/classes started by valik in /home/valik/IdeaProjects/wigo-server)
2018-10-06 21:49:06.969  INFO 3911 --- [restartedMain] com.wigo.server.WigoApp                  : No active profile set, falling back to default profiles: default
2018-10-06 21:49:07.027  INFO 3911 --- [restartedMain] ConfigServletWebServerApplicationContext : Refreshing org.springframework.boot.web.servlet.context.AnnotationConfigServletWebServerApplicationContext@1673040e: startup date [Sat Oct 06 21:49:07 EEST 2018]; root of context hierarchy
2018-10-06 21:49:08.464  INFO 3911 --- [restartedMain] trationDelegate$BeanPostProcessorChecker : Bean 'org.springframework.transaction.annotation.ProxyTransactionManagementConfiguration' of type [org.springframework.transaction.annotation.ProxyTransactionManagementConfiguration$$EnhancerBySpringCGLIB$$f2c67ab9] is not eligible for getting processed by all BeanPostProcessors (for example: not eligible for auto-proxying)
2018-10-06 21:49:08.904  INFO 3911 --- [restartedMain] o.s.b.w.embedded.tomcat.TomcatWebServer  : Tomcat initialized with port(s): 8080 (http)
2018-10-06 21:49:08.935  INFO 3911 --- [restartedMain] o.apache.catalina.core.StandardService   : Starting service [Tomcat]
2018-10-06 21:49:08.935  INFO 3911 --- [restartedMain] org.apache.catalina.core.StandardEngine  : Starting Servlet Engine: Apache Tomcat/8.5.31
2018-10-06 21:49:08.945  INFO 3911 --- [localhost-startStop-1] o.a.catalina.core.AprLifecycleListener   : The APR based Apache Tomcat Native library which allows optimal performance in production environments was not found on the java.library.path: [/usr/java/packages/lib/amd64:/usr/lib/x86_64-linux-gnu/jni:/lib/x86_64-linux-gnu:/usr/lib/x86_64-linux-gnu:/usr/lib/jni:/lib:/usr/lib]
2018-10-06 21:49:09.031  INFO 3911 --- [localhost-startStop-1] o.a.c.c.C.[Tomcat].[localhost].[/]       : Initializing Spring embedded WebApplicationContext
2018-10-06 21:49:09.032  INFO 3911 --- [localhost-startStop-1] o.s.web.context.ContextLoader            : Root WebApplicationContext: initialization completed in 2005 ms
2018-10-06 21:49:09.353  INFO 3911 --- [localhost-startStop-1] o.s.b.w.servlet.ServletRegistrationBean  : Servlet dispatcherServlet mapped to [/]
2018-10-06 21:49:09.356  INFO 3911 --- [localhost-startStop-1] o.s.b.w.servlet.FilterRegistrationBean   : Mapping filter: 'characterEncodingFilter' to: [/*]
2018-10-06 21:49:09.357  INFO 3911 --- [localhost-startStop-1] o.s.b.w.servlet.FilterRegistrationBean   : Mapping filter: 'hiddenHttpMethodFilter' to: [/*]
2018-10-06 21:49:09.358  INFO 3911 --- [localhost-startStop-1] o.s.b.w.servlet.FilterRegistrationBean   : Mapping filter: 'httpPutFormContentFilter' to: [/*]
2018-10-06 21:49:09.366  INFO 3911 --- [localhost-startStop-1] o.s.b.w.servlet.FilterRegistrationBean   : Mapping filter: 'requestContextFilter' to: [/*]
2018-10-06 21:49:09.366  INFO 3911 --- [localhost-startStop-1] o.s.b.w.servlet.FilterRegistrationBean   : Mapping filter: 'loginFilter' to: [/*]
2018-10-06 21:49:10.198  INFO 3911 --- [restartedMain] s.w.s.m.m.a.RequestMappingHandlerMapping : Mapped "{[/api/category/list],methods=[GET]}" onto public java.util.List<com.wigo.server.dto.CategoryDto> com.wigo.server.controllers.CategoryController.getcategoriesList()
2018-10-06 21:49:10.200  INFO 3911 --- [restartedMain] s.w.s.m.m.a.RequestMappingHandlerMapping : Mapped "{[/api/category/{categoryId}],methods=[GET]}" onto public com.wigo.server.dto.CategoryDto com.wigo.server.controllers.CategoryController.getCategoryById(java.util.UUID)
2018-10-06 21:49:10.201  INFO 3911 --- [restartedMain] s.w.s.m.m.a.RequestMappingHandlerMapping : Mapped "{[/],methods=[GET]}" onto public java.lang.String com.wigo.server.controllers.LandingController.index()
2018-10-06 21:49:10.203  INFO 3911 --- [restartedMain] s.w.s.m.m.a.RequestMappingHandlerMapping : Mapped "{[/api/login],methods=[POST]}" onto public com.wigo.server.dto.LoginDto com.wigo.server.controllers.LoginController.login(com.wigo.server.controllers.LoginController$LoginData)
2018-10-06 21:49:10.205  INFO 3911 --- [restartedMain] s.w.s.m.m.a.RequestMappingHandlerMapping : Mapped "{[/api/status/{statusId}],methods=[GET]}" onto public com.wigo.server.dto.StatusDto com.wigo.server.controllers.StatusController.getStatus(java.util.UUID)
2018-10-06 21:49:10.206  INFO 3911 --- [restartedMain] s.w.s.m.m.a.RequestMappingHandlerMapping : Mapped "{[/api/status],methods=[GET]}" onto public java.util.List<com.wigo.server.dto.BriefStatusDto> com.wigo.server.controllers.StatusController.getStatuses(com.wigo.server.dto.StatusSearchParamsDto)
2018-10-06 21:49:10.206  INFO 3911 --- [restartedMain] s.w.s.m.m.a.RequestMappingHandlerMapping : Mapped "{[/api/status],methods=[POST]}" onto public java.util.UUID com.wigo.server.controllers.StatusController.postStatus(com.wigo.server.dto.StatusDto,java.util.UUID)
2018-10-06 21:49:10.206  INFO 3911 --- [restartedMain] s.w.s.m.m.a.RequestMappingHandlerMapping : Mapped "{[/api/status/{statusId}],methods=[PATCH]}" onto public void com.wigo.server.controllers.StatusController.patchStatus(java.util.UUID,com.wigo.server.dto.StatusDto,java.util.UUID)
2018-10-06 21:49:10.206  INFO 3911 --- [restartedMain] s.w.s.m.m.a.RequestMappingHandlerMapping : Mapped "{[/api/status/{statusId}/messages],methods=[GET]}" onto public java.util.List<com.wigo.server.dto.MessageDto> com.wigo.server.controllers.StatusController.getMessages(java.util.UUID,java.time.Instant)
2018-10-06 21:49:10.206  INFO 3911 --- [restartedMain] s.w.s.m.m.a.RequestMappingHandlerMapping : Mapped "{[/api/status/{statusId}/messages],methods=[POST]}" onto public com.wigo.server.dto.MessageDto com.wigo.server.controllers.StatusController.postMessage(java.util.UUID,com.wigo.server.dto.MessageDto,java.util.UUID)
2018-10-06 21:49:10.207  INFO 3911 --- [restartedMain] s.w.s.m.m.a.RequestMappingHandlerMapping : Mapped "{[/api/hashtags],methods=[GET]}" onto public java.util.List<java.lang.String> com.wigo.server.controllers.StatusController.getHashtags(java.lang.String,int)
2018-10-06 21:49:10.208  INFO 3911 --- [restartedMain] s.w.s.m.m.a.RequestMappingHandlerMapping : Mapped "{[/v2/api-docs],methods=[GET],produces=[application/json || application/hal+json]}" onto public org.springframework.http.ResponseEntity<springfox.documentation.spring.web.json.Json> springfox.documentation.swagger2.web.Swagger2Controller.getDocumentation(java.lang.String,javax.servlet.http.HttpServletRequest)
2018-10-06 21:49:10.211  INFO 3911 --- [restartedMain] s.w.s.m.m.a.RequestMappingHandlerMapping : Mapped "{[/swagger-resources/configuration/security]}" onto org.springframework.http.ResponseEntity<springfox.documentation.swagger.web.SecurityConfiguration> springfox.documentation.swagger.web.ApiResourceController.securityConfiguration()
2018-10-06 21:49:10.212  INFO 3911 --- [restartedMain] s.w.s.m.m.a.RequestMappingHandlerMapping : Mapped "{[/swagger-resources]}" onto org.springframework.http.ResponseEntity<java.util.List<springfox.documentation.swagger.web.SwaggerResource>> springfox.documentation.swagger.web.ApiResourceController.swaggerResources()
2018-10-06 21:49:10.212  INFO 3911 --- [restartedMain] s.w.s.m.m.a.RequestMappingHandlerMapping : Mapped "{[/swagger-resources/configuration/ui]}" onto org.springframework.http.ResponseEntity<springfox.documentation.swagger.web.UiConfiguration> springfox.documentation.swagger.web.ApiResourceController.uiConfiguration()
2018-10-06 21:49:10.215  INFO 3911 --- [restartedMain] s.w.s.m.m.a.RequestMappingHandlerMapping : Mapped "{[/error],produces=[text/html]}" onto public org.springframework.web.servlet.ModelAndView org.springframework.boot.autoconfigure.web.servlet.error.BasicErrorController.errorHtml(javax.servlet.http.HttpServletRequest,javax.servlet.http.HttpServletResponse)
2018-10-06 21:49:10.215  INFO 3911 --- [restartedMain] s.w.s.m.m.a.RequestMappingHandlerMapping : Mapped "{[/error]}" onto public org.springframework.http.ResponseEntity<java.util.Map<java.lang.String, java.lang.Object>> org.springframework.boot.autoconfigure.web.servlet.error.BasicErrorController.error(javax.servlet.http.HttpServletRequest)
2018-10-06 21:49:10.382  INFO 3911 --- [restartedMain] o.s.w.s.handler.SimpleUrlHandlerMapping  : Mapped URL path [/**/favicon.ico] onto handler of type [class org.springframework.web.servlet.resource.ResourceHttpRequestHandler]
2018-10-06 21:49:10.422  INFO 3911 --- [restartedMain] s.w.s.m.m.a.RequestMappingHandlerAdapter : Looking for @ControllerAdvice: org.springframework.boot.web.servlet.context.AnnotationConfigServletWebServerApplicationContext@1673040e: startup date [Sat Oct 06 21:49:07 EEST 2018]; root of context hierarchy
2018-10-06 21:49:10.511  INFO 3911 --- [restartedMain] o.s.w.s.handler.SimpleUrlHandlerMapping  : Mapped URL path [/webjars/**] onto handler of type [class org.springframework.web.servlet.resource.ResourceHttpRequestHandler]
2018-10-06 21:49:10.520  INFO 3911 --- [restartedMain] o.s.w.s.handler.SimpleUrlHandlerMapping  : Mapped URL path [/**] onto handler of type [class org.springframework.web.servlet.resource.ResourceHttpRequestHandler]
2018-10-06 21:49:10.669  INFO 3911 --- [restartedMain] o.s.b.a.w.s.WelcomePageHandlerMapping    : Adding welcome page template: index
2018-10-06 21:49:10.980  INFO 3911 --- [restartedMain] o.s.b.d.a.OptionalLiveReloadServer       : LiveReload server is running on port 35729
2018-10-06 21:49:11.009  INFO 3911 --- [restartedMain] o.s.j.e.a.AnnotationMBeanExporter        : Registering beans for JMX exposure on startup
2018-10-06 21:49:11.019  INFO 3911 --- [restartedMain] o.s.c.support.DefaultLifecycleProcessor  : Starting beans in phase 2147483647
2018-10-06 21:49:11.019  INFO 3911 --- [restartedMain] d.s.w.p.DocumentationPluginsBootstrapper : Context refreshed
2018-10-06 21:49:11.035  INFO 3911 --- [restartedMain] d.s.w.p.DocumentationPluginsBootstrapper : Found 1 custom documentation plugin(s)
2018-10-06 21:49:11.044  INFO 3911 --- [restartedMain] s.d.s.w.s.ApiListingReferenceScanner     : Scanning for api listing references
2018-10-06 21:49:11.355  INFO 3911 --- [restartedMain] o.s.b.w.embedded.tomcat.TomcatWebServer  : Tomcat started on port(s): 8080 (http) with context path ''
2018-10-06 21:49:11.359  INFO 3911 --- [restartedMain] com.wigo.server.WigoApp                  : Started WigoApp in 4.764 seconds (JVM running for 6.059)
2018-10-06 21:49:46.964  INFO 3911 --- [Thread-9] ConfigServletWebServerApplicationContext : Closing org.springframework.boot.web.servlet.context.AnnotationConfigServletWebServerApplicationContext@1673040e: startup date [Sat Oct 06 21:49:07 EEST 2018]; root of context hierarchy
2018-10-06 21:49:46.966  INFO 3911 --- [Thread-9] o.s.c.support.DefaultLifecycleProcessor  : Stopping beans in phase 2147483647
2018-10-06 21:49:46.969  INFO 3911 --- [Thread-9] o.s.j.e.a.AnnotationMBeanExporter        : Unregistering JMX-exposed beans on shutdown
2018-10-06 21:50:21.639  INFO 4273 --- [restartedMain] com.wigo.server.WigoApp                  : Starting WigoApp on valikPC with PID 4273 (/home/valik/IdeaProjects/wigo-server/target/classes started by valik in /home/valik/IdeaProjects/wigo-server)
2018-10-06 21:50:21.647  INFO 4273 --- [restartedMain] com.wigo.server.WigoApp                  : No active profile set, falling back to default profiles: default
2018-10-06 21:50:21.807  INFO 4273 --- [restartedMain] ConfigServletWebServerApplicationContext : Refreshing org.springframework.boot.web.servlet.context.AnnotationConfigServletWebServerApplicationContext@598dac08: startup date [Sat Oct 06 21:50:21 EEST 2018]; root of context hierarchy
2018-10-06 21:50:23.419  INFO 4273 --- [restartedMain] trationDelegate$BeanPostProcessorChecker : Bean 'org.springframework.transaction.annotation.ProxyTransactionManagementConfiguration' of type [org.springframework.transaction.annotation.ProxyTransactionManagementConfiguration$$EnhancerBySpringCGLIB$$98c82032] is not eligible for getting processed by all BeanPostProcessors (for example: not eligible for auto-proxying)
2018-10-06 21:50:23.762  INFO 4273 --- [restartedMain] o.s.b.w.embedded.tomcat.TomcatWebServer  : Tomcat initialized with port(s): 8080 (http)
2018-10-06 21:50:23.788  INFO 4273 --- [restartedMain] o.apache.catalina.core.StandardService   : Starting service [Tomcat]
2018-10-06 21:50:23.788  INFO 4273 --- [restartedMain] org.apache.catalina.core.StandardEngine  : Starting Servlet Engine: Apache Tomcat/8.5.31
2018-10-06 21:50:23.800  INFO 4273 --- [localhost-startStop-1] o.a.catalina.core.AprLifecycleListener   : The APR based Apache Tomcat Native library which allows optimal performance in production environments was not found on the java.library.path: [/usr/java/packages/lib/amd64:/usr/lib/x86_64-linux-gnu/jni:/lib/x86_64-linux-gnu:/usr/lib/x86_64-linux-gnu:/usr/lib/jni:/lib:/usr/lib]
2018-10-06 21:50:23.858  INFO 4273 --- [localhost-startStop-1] o.a.c.c.C.[Tomcat].[localhost].[/]       : Initializing Spring embedded WebApplicationContext
2018-10-06 21:50:23.858  INFO 4273 --- [localhost-startStop-1] o.s.web.context.ContextLoader            : Root WebApplicationContext: initialization completed in 2052 ms
2018-10-06 21:50:23.995  INFO 4273 --- [localhost-startStop-1] o.s.b.w.servlet.ServletRegistrationBean  : Servlet dispatcherServlet mapped to [/]
2018-10-06 21:50:24.000  INFO 4273 --- [localhost-startStop-1] o.s.b.w.servlet.FilterRegistrationBean   : Mapping filter: 'characterEncodingFilter' to: [/*]
2018-10-06 21:50:24.000  INFO 4273 --- [localhost-startStop-1] o.s.b.w.servlet.FilterRegistrationBean   : Mapping filter: 'hiddenHttpMethodFilter' to: [/*]
2018-10-06 21:50:24.000  INFO 4273 --- [localhost-startStop-1] o.s.b.w.servlet.FilterRegistrationBean   : Mapping filter: 'httpPutFormContentFilter' to: [/*]
2018-10-06 21:50:24.000  INFO 4273 --- [localhost-startStop-1] o.s.b.w.servlet.FilterRegistrationBean   : Mapping filter: 'requestContextFilter' to: [/*]
2018-10-06 21:50:24.000  INFO 4273 --- [localhost-startStop-1] o.s.b.w.servlet.FilterRegistrationBean   : Mapping filter: 'loginFilter' to: [/*]
2018-10-06 21:50:24.795  INFO 4273 --- [restartedMain] s.w.s.m.m.a.RequestMappingHandlerMapping : Mapped "{[/api/category/list],methods=[GET]}" onto public java.util.List<com.wigo.server.dto.CategoryDto> com.wigo.server.controllers.CategoryController.getcategoriesList()
2018-10-06 21:50:24.797  INFO 4273 --- [restartedMain] s.w.s.m.m.a.RequestMappingHandlerMapping : Mapped "{[/api/category/{categoryId}],methods=[GET]}" onto public com.wigo.server.dto.CategoryDto com.wigo.server.controllers.CategoryController.getCategoryById(java.util.UUID)
2018-10-06 21:50:24.799  INFO 4273 --- [restartedMain] s.w.s.m.m.a.RequestMappingHandlerMapping : Mapped "{[/],methods=[GET]}" onto public java.lang.String com.wigo.server.controllers.LandingController.index()
2018-10-06 21:50:24.801  INFO 4273 --- [restartedMain] s.w.s.m.m.a.RequestMappingHandlerMapping : Mapped "{[/api/login],methods=[POST]}" onto public com.wigo.server.dto.LoginDto com.wigo.server.controllers.LoginController.login(com.wigo.server.controllers.LoginController$LoginData)
2018-10-06 21:50:24.804  INFO 4273 --- [restartedMain] s.w.s.m.m.a.RequestMappingHandlerMapping : Mapped "{[/api/status/{statusId}],methods=[GET]}" onto public com.wigo.server.dto.StatusDto com.wigo.server.controllers.StatusController.getStatus(java.util.UUID)
2018-10-06 21:50:24.804  INFO 4273 --- [restartedMain] s.w.s.m.m.a.RequestMappingHandlerMapping : Mapped "{[/api/status],methods=[GET]}" onto public java.util.List<com.wigo.server.dto.BriefStatusDto> com.wigo.server.controllers.StatusController.getStatuses(com.wigo.server.dto.StatusSearchParamsDto)
2018-10-06 21:50:24.804  INFO 4273 --- [restartedMain] s.w.s.m.m.a.RequestMappingHandlerMapping : Mapped "{[/api/status],methods=[POST]}" onto public java.util.UUID com.wigo.server.controllers.StatusController.postStatus(com.wigo.server.dto.StatusDto,java.util.UUID)
2018-10-06 21:50:24.804  INFO 4273 --- [restartedMain] s.w.s.m.m.a.RequestMappingHandlerMapping : Mapped "{[/api/status/{statusId}],methods=[PATCH]}" onto public void com.wigo.server.controllers.StatusController.patchStatus(java.util.UUID,com.wigo.server.dto.StatusDto,java.util.UUID)
2018-10-06 21:50:24.805  INFO 4273 --- [restartedMain] s.w.s.m.m.a.RequestMappingHandlerMapping : Mapped "{[/api/status/{statusId}/messages],methods=[GET]}" onto public java.util.List<com.wigo.server.dto.MessageDto> com.wigo.server.controllers.StatusController.getMessages(java.util.UUID,java.time.Instant)
2018-10-06 21:50:24.805  INFO 4273 --- [restartedMain] s.w.s.m.m.a.RequestMappingHandlerMapping : Mapped "{[/api/status/{statusId}/messages],methods=[POST]}" onto public com.wigo.server.dto.MessageDto com.wigo.server.controllers.StatusController.postMessage(java.util.UUID,com.wigo.server.dto.MessageDto,java.util.UUID)
2018-10-06 21:50:24.805  INFO 4273 --- [restartedMain] s.w.s.m.m.a.RequestMappingHandlerMapping : Mapped "{[/api/hashtags],methods=[GET]}" onto public java.util.List<java.lang.String> com.wigo.server.controllers.StatusController.getHashtags(java.lang.String,int)
2018-10-06 21:50:24.806  INFO 4273 --- [restartedMain] s.w.s.m.m.a.RequestMappingHandlerMapping : Mapped "{[/v2/api-docs],methods=[GET],produces=[application/json || application/hal+json]}" onto public org.springframework.http.ResponseEntity<springfox.documentation.spring.web.json.Json> springfox.documentation.swagger2.web.Swagger2Controller.getDocumentation(java.lang.String,javax.servlet.http.HttpServletRequest)
2018-10-06 21:50:24.809  INFO 4273 --- [restartedMain] s.w.s.m.m.a.RequestMappingHandlerMapping : Mapped "{[/swagger-resources/configuration/security]}" onto org.springframework.http.ResponseEntity<springfox.documentation.swagger.web.SecurityConfiguration> springfox.documentation.swagger.web.ApiResourceController.securityConfiguration()
2018-10-06 21:50:24.810  INFO 4273 --- [restartedMain] s.w.s.m.m.a.RequestMappingHandlerMapping : Mapped "{[/swagger-resources/configuration/ui]}" onto org.springframework.http.ResponseEntity<springfox.documentation.swagger.web.UiConfiguration> springfox.documentation.swagger.web.ApiResourceController.uiConfiguration()
2018-10-06 21:50:24.811  INFO 4273 --- [restartedMain] s.w.s.m.m.a.RequestMappingHandlerMapping : Mapped "{[/swagger-resources]}" onto org.springframework.http.ResponseEntity<java.util.List<springfox.documentation.swagger.web.SwaggerResource>> springfox.documentation.swagger.web.ApiResourceController.swaggerResources()
2018-10-06 21:50:24.814  INFO 4273 --- [restartedMain] s.w.s.m.m.a.RequestMappingHandlerMapping : Mapped "{[/error],produces=[text/html]}" onto public org.springframework.web.servlet.ModelAndView org.springframework.boot.autoconfigure.web.servlet.error.BasicErrorController.errorHtml(javax.servlet.http.HttpServletRequest,javax.servlet.http.HttpServletResponse)
2018-10-06 21:50:24.814  INFO 4273 --- [restartedMain] s.w.s.m.m.a.RequestMappingHandlerMapping : Mapped "{[/error]}" onto public org.springframework.http.ResponseEntity<java.util.Map<java.lang.String, java.lang.Object>> org.springframework.boot.autoconfigure.web.servlet.error.BasicErrorController.error(javax.servlet.http.HttpServletRequest)
2018-10-06 21:50:24.970  INFO 4273 --- [restartedMain] o.s.w.s.handler.SimpleUrlHandlerMapping  : Mapped URL path [/**/favicon.ico] onto handler of type [class org.springframework.web.servlet.resource.ResourceHttpRequestHandler]
2018-10-06 21:50:25.008  INFO 4273 --- [restartedMain] s.w.s.m.m.a.RequestMappingHandlerAdapter : Looking for @ControllerAdvice: org.springframework.boot.web.servlet.context.AnnotationConfigServletWebServerApplicationContext@598dac08: startup date [Sat Oct 06 21:50:21 EEST 2018]; root of context hierarchy
2018-10-06 21:50:25.105  INFO 4273 --- [restartedMain] o.s.w.s.handler.SimpleUrlHandlerMapping  : Mapped URL path [/webjars/**] onto handler of type [class org.springframework.web.servlet.resource.ResourceHttpRequestHandler]
2018-10-06 21:50:25.106  INFO 4273 --- [restartedMain] o.s.w.s.handler.SimpleUrlHandlerMapping  : Mapped URL path [/**] onto handler of type [class org.springframework.web.servlet.resource.ResourceHttpRequestHandler]
2018-10-06 21:50:25.248  INFO 4273 --- [restartedMain] o.s.b.a.w.s.WelcomePageHandlerMapping    : Adding welcome page template: index
2018-10-06 21:50:25.516  INFO 4273 --- [restartedMain] o.s.b.d.a.OptionalLiveReloadServer       : LiveReload server is running on port 35729
2018-10-06 21:50:25.550  INFO 4273 --- [restartedMain] o.s.j.e.a.AnnotationMBeanExporter        : Registering beans for JMX exposure on startup
2018-10-06 21:50:25.561  INFO 4273 --- [restartedMain] o.s.c.support.DefaultLifecycleProcessor  : Starting beans in phase 2147483647
2018-10-06 21:50:25.561  INFO 4273 --- [restartedMain] d.s.w.p.DocumentationPluginsBootstrapper : Context refreshed
2018-10-06 21:50:25.598  INFO 4273 --- [restartedMain] d.s.w.p.DocumentationPluginsBootstrapper : Found 1 custom documentation plugin(s)
2018-10-06 21:50:25.608  INFO 4273 --- [restartedMain] s.d.s.w.s.ApiListingReferenceScanner     : Scanning for api listing references
2018-10-06 21:50:26.003  INFO 4273 --- [restartedMain] o.s.b.w.embedded.tomcat.TomcatWebServer  : Tomcat started on port(s): 8080 (http) with context path ''
2018-10-06 21:50:26.023  INFO 4273 --- [restartedMain] com.wigo.server.WigoApp                  : Started WigoApp in 4.947 seconds (JVM running for 5.879)
2018-10-06 21:52:38.857  INFO 4273 --- [Thread-9] ConfigServletWebServerApplicationContext : Closing org.springframework.boot.web.servlet.context.AnnotationConfigServletWebServerApplicationContext@598dac08: startup date [Sat Oct 06 21:50:21 EEST 2018]; root of context hierarchy
2018-10-06 21:52:38.860  INFO 4273 --- [Thread-9] o.s.c.support.DefaultLifecycleProcessor  : Stopping beans in phase 2147483647
2018-10-06 21:52:38.867  INFO 4273 --- [Thread-9] o.s.j.e.a.AnnotationMBeanExporter        : Unregistering JMX-exposed beans on shutdown
2018-10-06 22:19:03.675  INFO 8485 --- [restartedMain] com.wigo.server.WigoApp                  : Starting WigoApp on valikPC with PID 8485 (/home/valik/IdeaProjects/wigo-server/target/classes started by valik in /home/valik/IdeaProjects/wigo-server)
2018-10-06 22:19:03.677  INFO 8485 --- [restartedMain] com.wigo.server.WigoApp                  : No active profile set, falling back to default profiles: default
2018-10-06 22:19:03.843  INFO 8485 --- [restartedMain] ConfigServletWebServerApplicationContext : Refreshing org.springframework.boot.web.servlet.context.AnnotationConfigServletWebServerApplicationContext@4dd22a76: startup date [Sat Oct 06 22:19:03 EEST 2018]; root of context hierarchy
2018-10-06 22:19:05.455  INFO 8485 --- [restartedMain] trationDelegate$BeanPostProcessorChecker : Bean 'org.springframework.transaction.annotation.ProxyTransactionManagementConfiguration' of type [org.springframework.transaction.annotation.ProxyTransactionManagementConfiguration$$EnhancerBySpringCGLIB$$91fe0e21] is not eligible for getting processed by all BeanPostProcessors (for example: not eligible for auto-proxying)
2018-10-06 22:19:05.776  INFO 8485 --- [restartedMain] o.s.b.w.embedded.tomcat.TomcatWebServer  : Tomcat initialized with port(s): 8080 (http)
2018-10-06 22:19:05.803  INFO 8485 --- [restartedMain] o.apache.catalina.core.StandardService   : Starting service [Tomcat]
2018-10-06 22:19:05.803  INFO 8485 --- [restartedMain] org.apache.catalina.core.StandardEngine  : Starting Servlet Engine: Apache Tomcat/8.5.31
2018-10-06 22:19:05.811  INFO 8485 --- [localhost-startStop-1] o.a.catalina.core.AprLifecycleListener   : The APR based Apache Tomcat Native library which allows optimal performance in production environments was not found on the java.library.path: [/usr/java/packages/lib/amd64:/usr/lib/x86_64-linux-gnu/jni:/lib/x86_64-linux-gnu:/usr/lib/x86_64-linux-gnu:/usr/lib/jni:/lib:/usr/lib]
2018-10-06 22:19:05.869  INFO 8485 --- [localhost-startStop-1] o.a.c.c.C.[Tomcat].[localhost].[/]       : Initializing Spring embedded WebApplicationContext
2018-10-06 22:19:05.869  INFO 8485 --- [localhost-startStop-1] o.s.web.context.ContextLoader            : Root WebApplicationContext: initialization completed in 2026 ms
2018-10-06 22:19:06.008  INFO 8485 --- [localhost-startStop-1] o.s.b.w.servlet.ServletRegistrationBean  : Servlet dispatcherServlet mapped to [/]
2018-10-06 22:19:06.012  INFO 8485 --- [localhost-startStop-1] o.s.b.w.servlet.FilterRegistrationBean   : Mapping filter: 'characterEncodingFilter' to: [/*]
2018-10-06 22:19:06.013  INFO 8485 --- [localhost-startStop-1] o.s.b.w.servlet.FilterRegistrationBean   : Mapping filter: 'hiddenHttpMethodFilter' to: [/*]
2018-10-06 22:19:06.013  INFO 8485 --- [localhost-startStop-1] o.s.b.w.servlet.FilterRegistrationBean   : Mapping filter: 'httpPutFormContentFilter' to: [/*]
2018-10-06 22:19:06.013  INFO 8485 --- [localhost-startStop-1] o.s.b.w.servlet.FilterRegistrationBean   : Mapping filter: 'requestContextFilter' to: [/*]
2018-10-06 22:19:06.013  INFO 8485 --- [localhost-startStop-1] o.s.b.w.servlet.FilterRegistrationBean   : Mapping filter: 'loginFilter' to: [/*]
2018-10-06 22:19:06.773  INFO 8485 --- [restartedMain] s.w.s.m.m.a.RequestMappingHandlerMapping : Mapped "{[/api/category/list],methods=[GET]}" onto public java.util.List<com.wigo.server.dto.CategoryDto> com.wigo.server.controllers.CategoryController.getcategoriesList()
2018-10-06 22:19:06.774  INFO 8485 --- [restartedMain] s.w.s.m.m.a.RequestMappingHandlerMapping : Mapped "{[/api/category/{categoryId}],methods=[GET]}" onto public com.wigo.server.dto.CategoryDto com.wigo.server.controllers.CategoryController.getCategoryById(java.util.UUID)
2018-10-06 22:19:06.775  INFO 8485 --- [restartedMain] s.w.s.m.m.a.RequestMappingHandlerMapping : Mapped "{[/],methods=[GET]}" onto public java.lang.String com.wigo.server.controllers.LandingController.index()
2018-10-06 22:19:06.777  INFO 8485 --- [restartedMain] s.w.s.m.m.a.RequestMappingHandlerMapping : Mapped "{[/api/login],methods=[POST]}" onto public com.wigo.server.dto.LoginDto com.wigo.server.controllers.LoginController.login(com.wigo.server.controllers.LoginController$LoginData)
2018-10-06 22:19:06.780  INFO 8485 --- [restartedMain] s.w.s.m.m.a.RequestMappingHandlerMapping : Mapped "{[/api/status/{statusId}],methods=[GET]}" onto public com.wigo.server.dto.StatusDto com.wigo.server.controllers.StatusController.getStatus(java.util.UUID)
2018-10-06 22:19:06.780  INFO 8485 --- [restartedMain] s.w.s.m.m.a.RequestMappingHandlerMapping : Mapped "{[/api/status],methods=[GET]}" onto public java.util.List<com.wigo.server.dto.BriefStatusDto> com.wigo.server.controllers.StatusController.getStatuses(com.wigo.server.dto.StatusSearchParamsDto)
2018-10-06 22:19:06.780  INFO 8485 --- [restartedMain] s.w.s.m.m.a.RequestMappingHandlerMapping : Mapped "{[/api/status],methods=[POST]}" onto public java.util.UUID com.wigo.server.controllers.StatusController.postStatus(com.wigo.server.dto.StatusDto,java.util.UUID)
2018-10-06 22:19:06.781  INFO 8485 --- [restartedMain] s.w.s.m.m.a.RequestMappingHandlerMapping : Mapped "{[/api/status/{statusId}],methods=[PATCH]}" onto public void com.wigo.server.controllers.StatusController.patchStatus(java.util.UUID,com.wigo.server.dto.StatusDto,java.util.UUID)
2018-10-06 22:19:06.781  INFO 8485 --- [restartedMain] s.w.s.m.m.a.RequestMappingHandlerMapping : Mapped "{[/api/status/{statusId}/messages],methods=[GET]}" onto public java.util.List<com.wigo.server.dto.MessageDto> com.wigo.server.controllers.StatusController.getMessages(java.util.UUID,java.time.Instant)
2018-10-06 22:19:06.781  INFO 8485 --- [restartedMain] s.w.s.m.m.a.RequestMappingHandlerMapping : Mapped "{[/api/status/{statusId}/messages],methods=[POST]}" onto public com.wigo.server.dto.MessageDto com.wigo.server.controllers.StatusController.postMessage(java.util.UUID,com.wigo.server.dto.MessageDto,java.util.UUID)
2018-10-06 22:19:06.781  INFO 8485 --- [restartedMain] s.w.s.m.m.a.RequestMappingHandlerMapping : Mapped "{[/api/hashtags],methods=[GET]}" onto public java.util.List<java.lang.String> com.wigo.server.controllers.StatusController.getHashtags(java.lang.String,int)
2018-10-06 22:19:06.783  INFO 8485 --- [restartedMain] s.w.s.m.m.a.RequestMappingHandlerMapping : Mapped "{[/v2/api-docs],methods=[GET],produces=[application/json || application/hal+json]}" onto public org.springframework.http.ResponseEntity<springfox.documentation.spring.web.json.Json> springfox.documentation.swagger2.web.Swagger2Controller.getDocumentation(java.lang.String,javax.servlet.http.HttpServletRequest)
2018-10-06 22:19:06.786  INFO 8485 --- [restartedMain] s.w.s.m.m.a.RequestMappingHandlerMapping : Mapped "{[/swagger-resources/configuration/security]}" onto org.springframework.http.ResponseEntity<springfox.documentation.swagger.web.SecurityConfiguration> springfox.documentation.swagger.web.ApiResourceController.securityConfiguration()
2018-10-06 22:19:06.786  INFO 8485 --- [restartedMain] s.w.s.m.m.a.RequestMappingHandlerMapping : Mapped "{[/swagger-resources]}" onto org.springframework.http.ResponseEntity<java.util.List<springfox.documentation.swagger.web.SwaggerResource>> springfox.documentation.swagger.web.ApiResourceController.swaggerResources()
2018-10-06 22:19:06.787  INFO 8485 --- [restartedMain] s.w.s.m.m.a.RequestMappingHandlerMapping : Mapped "{[/swagger-resources/configuration/ui]}" onto org.springframework.http.ResponseEntity<springfox.documentation.swagger.web.UiConfiguration> springfox.documentation.swagger.web.ApiResourceController.uiConfiguration()
2018-10-06 22:19:06.794  INFO 8485 --- [restartedMain] s.w.s.m.m.a.RequestMappingHandlerMapping : Mapped "{[/error],produces=[text/html]}" onto public org.springframework.web.servlet.ModelAndView org.springframework.boot.autoconfigure.web.servlet.error.BasicErrorController.errorHtml(javax.servlet.http.HttpServletRequest,javax.servlet.http.HttpServletResponse)
2018-10-06 22:19:06.794  INFO 8485 --- [restartedMain] s.w.s.m.m.a.RequestMappingHandlerMapping : Mapped "{[/error]}" onto public org.springframework.http.ResponseEntity<java.util.Map<java.lang.String, java.lang.Object>> org.springframework.boot.autoconfigure.web.servlet.error.BasicErrorController.error(javax.servlet.http.HttpServletRequest)
2018-10-06 22:19:06.968  INFO 8485 --- [restartedMain] o.s.w.s.handler.SimpleUrlHandlerMapping  : Mapped URL path [/**/favicon.ico] onto handler of type [class org.springframework.web.servlet.resource.ResourceHttpRequestHandler]
2018-10-06 22:19:07.015  INFO 8485 --- [restartedMain] s.w.s.m.m.a.RequestMappingHandlerAdapter : Looking for @ControllerAdvice: org.springframework.boot.web.servlet.context.AnnotationConfigServletWebServerApplicationContext@4dd22a76: startup date [Sat Oct 06 22:19:03 EEST 2018]; root of context hierarchy
2018-10-06 22:19:07.109  INFO 8485 --- [restartedMain] o.s.w.s.handler.SimpleUrlHandlerMapping  : Mapped URL path [/webjars/**] onto handler of type [class org.springframework.web.servlet.resource.ResourceHttpRequestHandler]
2018-10-06 22:19:07.111  INFO 8485 --- [restartedMain] o.s.w.s.handler.SimpleUrlHandlerMapping  : Mapped URL path [/**] onto handler of type [class org.springframework.web.servlet.resource.ResourceHttpRequestHandler]
2018-10-06 22:19:07.251  INFO 8485 --- [restartedMain] o.s.b.a.w.s.WelcomePageHandlerMapping    : Adding welcome page template: index
2018-10-06 22:19:07.521  INFO 8485 --- [restartedMain] o.s.b.d.a.OptionalLiveReloadServer       : LiveReload server is running on port 35729
2018-10-06 22:19:07.548  INFO 8485 --- [restartedMain] o.s.j.e.a.AnnotationMBeanExporter        : Registering beans for JMX exposure on startup
2018-10-06 22:19:07.558  INFO 8485 --- [restartedMain] o.s.c.support.DefaultLifecycleProcessor  : Starting beans in phase 2147483647
2018-10-06 22:19:07.558  INFO 8485 --- [restartedMain] d.s.w.p.DocumentationPluginsBootstrapper : Context refreshed
2018-10-06 22:19:07.574  INFO 8485 --- [restartedMain] d.s.w.p.DocumentationPluginsBootstrapper : Found 1 custom documentation plugin(s)
2018-10-06 22:19:07.583  INFO 8485 --- [restartedMain] s.d.s.w.s.ApiListingReferenceScanner     : Scanning for api listing references
2018-10-06 22:19:07.918  INFO 8485 --- [restartedMain] o.s.b.w.embedded.tomcat.TomcatWebServer  : Tomcat started on port(s): 8080 (http) with context path ''
2018-10-06 22:19:07.922  INFO 8485 --- [restartedMain] com.wigo.server.WigoApp                  : Started WigoApp in 4.665 seconds (JVM running for 5.23)
2018-10-06 22:19:19.188  INFO 8485 --- [http-nio-8080-exec-1] o.a.c.c.C.[Tomcat].[localhost].[/]       : Initializing Spring FrameworkServlet 'dispatcherServlet'
2018-10-06 22:19:19.189  INFO 8485 --- [http-nio-8080-exec-1] o.s.web.servlet.DispatcherServlet        : FrameworkServlet 'dispatcherServlet': initialization started
2018-10-06 22:19:19.202  INFO 8485 --- [http-nio-8080-exec-1] o.s.web.servlet.DispatcherServlet        : FrameworkServlet 'dispatcherServlet': initialization completed in 13 ms
2018-10-06 22:19:43.852  INFO 8485 --- [Thread-9] ConfigServletWebServerApplicationContext : Closing org.springframework.boot.web.servlet.context.AnnotationConfigServletWebServerApplicationContext@4dd22a76: startup date [Sat Oct 06 22:19:03 EEST 2018]; root of context hierarchy
2018-10-06 22:19:43.855  INFO 8485 --- [Thread-9] o.s.c.support.DefaultLifecycleProcessor  : Stopping beans in phase 2147483647
2018-10-06 22:19:43.857  INFO 8485 --- [Thread-9] o.s.j.e.a.AnnotationMBeanExporter        : Unregistering JMX-exposed beans on shutdown
